2015-07-14 10:57:25 shin.local	Producing reports under snapshot/20150714-5/
2015-07-14 10:57:25 shin.local	 about DeepDive database postgresql://localhost/deepdive_test...
2015-07-14 10:57:25 shin.local	Instantiated report snapshot/20150714-5/reports/trends-demo
2015-07-14 10:57:25 shin.local	Producing snapshot/20150714-5/reports/trends-demo
declare -x Apple_PubSub_Socket_Render="/private/tmp/com.apple.launchd.kqtbqpAYZB/Render"
declare -x DEEPDIVE_APP="/Users/netj/Projects/2014/mindbender/examples/dashboard/trends-demo"
declare -x DISPLAY="/private/tmp/com.apple.launchd.NPvwxgymze/org.macosforge.xquartz:0"
declare -x EC2_CERT="/Users/netj/Study/2013/Giraph-Socialite/ec2/cert-33D5BJVBFWUVIMWIF5ZHZSNMRCSIKUD3.pem"
declare -x EC2_HOME="/Users/netj/Study/2013/Giraph-Socialite/ec2-api-tools-1.5.3.1/"
declare -x EC2_PRIVATE_KEY="/Users/netj/Study/2013/Giraph-Socialite/ec2/pk-33D5BJVBFWUVIMWIF5ZHZSNMRCSIKUD3.pem"
declare -x EDITOR="/Users/netj/.vim/vim+addons"
declare -x GROOVY_HOME="/opt/homebrew/opt/groovy/libexec"
declare -x HOME="/Users/netj"
declare -x JAVA_HOME="/Library/Java/JavaVirtualMachines/jdk1.7.0_40.jdk/Contents/Home"
declare -x LANG="en_US.UTF-8"
declare -x LESS="-XFRiMW"
declare -x LOGNAME="netj"
declare -x LS_COLORS="rs=0:di=01;34:ln=01;36:mh=00:pi=40;33:so=01;35:do=01;35:bd=40;33;01:cd=40;33;01:or=40;31;01:su=37;41:sg=30;43:ca=30;41:tw=30;42:ow=34;42:st=37;44:ex=01;32:*.tar=01;31:*.tgz=01;31:*.arc=01;31:*.arj=01;31:*.taz=01;31:*.lha=01;31:*.lz4=01;31:*.lzh=01;31:*.lzma=01;31:*.tlz=01;31:*.txz=01;31:*.tzo=01;31:*.t7z=01;31:*.zip=01;31:*.z=01;31:*.Z=01;31:*.dz=01;31:*.gz=01;31:*.lrz=01;31:*.lz=01;31:*.lzo=01;31:*.xz=01;31:*.bz2=01;31:*.bz=01;31:*.tbz=01;31:*.tbz2=01;31:*.tz=01;31:*.deb=01;31:*.rpm=01;31:*.jar=01;31:*.war=01;31:*.ear=01;31:*.sar=01;31:*.rar=01;31:*.alz=01;31:*.ace=01;31:*.zoo=01;31:*.cpio=01;31:*.7z=01;31:*.rz=01;31:*.cab=01;31:*.jpg=01;35:*.jpeg=01;35:*.gif=01;35:*.bmp=01;35:*.pbm=01;35:*.pgm=01;35:*.ppm=01;35:*.tga=01;35:*.xbm=01;35:*.xpm=01;35:*.tif=01;35:*.tiff=01;35:*.png=01;35:*.svg=01;35:*.svgz=01;35:*.mng=01;35:*.pcx=01;35:*.mov=01;35:*.mpg=01;35:*.mpeg=01;35:*.m2v=01;35:*.mkv=01;35:*.webm=01;35:*.ogm=01;35:*.mp4=01;35:*.m4v=01;35:*.mp4v=01;35:*.vob=01;35:*.qt=01;35:*.nuv=01;35:*.wmv=01;35:*.asf=01;35:*.rm=01;35:*.rmvb=01;35:*.flc=01;35:*.avi=01;35:*.fli=01;35:*.flv=01;35:*.gl=01;35:*.dl=01;35:*.xcf=01;35:*.xwd=01;35:*.yuv=01;35:*.cgm=01;35:*.emf=01;35:*.axv=01;35:*.anx=01;35:*.ogv=01;35:*.ogx=01;35:*.aac=00;36:*.au=00;36:*.flac=00;36:*.mid=00;36:*.midi=00;36:*.mka=00;36:*.mp3=00;36:*.mpc=00;36:*.ogg=00;36:*.ra=00;36:*.wav=00;36:*.axa=00;36:*.oga=00;36:*.spx=00;36:*.xspf=00;36:"
declare -x MANPATH="/opt/homebrew/opt/coreutils/libexec/gnuman:/opt/homebrew/share/man:/usr/local/share/man:/usr/local/man:/usr/share/man:/opt/X11/share/man:/usr/local/MacGPG2/share/man"
declare -x MINDBENDER_COMMAND="mindbender"
declare -x MINDBENDER_HOME="/Users/netj/Projects/2014/mindbender/@prefix@"
declare -x MINDBENDER_LOGLVL="1"
declare -x MINDBENDER_ORIG_PATH="/Users/netj/bin/python-virtualenv/bin:/opt/homebrew/share/npm/bin:/Users/netj/bin:/opt/homebrew/opt/coreutils/libexec/gnubin:/opt/homebrew/bin:/opt/homebrew/sbin:/usr/local/bin:/usr/local/sbin:/usr/bin:/bin:/usr/sbin:/sbin:/opt/X11/bin:/usr/local/MacGPG2/bin:/Users/netj/bin/python-virtualenv/bin:/usr/texbin"
declare -x MOSH_TITLE_NOPREFIX="1"
declare -x NODE_PATH="/Users/netj/Projects/2014/mindbender/@prefix@/node_modules"
declare -x OLDPWD
declare -x PAGER="less"
declare -x PATH="/Users/netj/Projects/2014/mindbender/@prefix@/bin/mindbender.d:/Users/netj/Projects/2014/mindbender/@prefix@/node_modules/.bin:/Users/netj/Projects/2014/mindbender/@prefix@/depends/runtime/.all/bin:/Users/netj/Projects/2014/mindbender/@prefix@/depends/bundled/.all/bin:/Users/netj/bin/python-virtualenv/bin:/opt/homebrew/share/npm/bin:/Users/netj/bin:/opt/homebrew/opt/coreutils/libexec/gnubin:/opt/homebrew/bin:/opt/homebrew/sbin:/usr/local/bin:/usr/local/sbin:/usr/bin:/bin:/usr/sbin:/sbin:/opt/X11/bin:/usr/local/MacGPG2/bin:/Users/netj/bin/python-virtualenv/bin:/usr/texbin"
declare -x PWD="/Users/netj/Projects/2014/mindbender/examples/dashboard/trends-demo/snapshot/20150714-5/reports/trends-demo"
declare -x SECURITYSESSIONID="186a6"
declare -x SHELL="/bin/bash"
declare -x SHLVL="3"
declare -x SSH_AUTH_SOCK="/private/tmp/com.apple.launchd.ykg9VWlRtJ/Listeners"
declare -x TERM="screen-256color"
declare -x TERM_SESSION_ID="C39690F0-A80E-41DF-BC47-7CDCD92F6235"
declare -x TMPDIR="/var/folders/y1/01h496ys2x794bdr1hvdm0tm0000gn/T/"
declare -x TMUX="/private/var/folders/y1/01h496ys2x794bdr1hvdm0tm0000gn/T/tmux-501/default,1822,0"
declare -x TMUX_PANE="%29"
declare -x TMUX_PWD="/Users/netj/Projects/2014/mindbender"
declare -x USAGE_TOOL_COMMAND="mindbender"
declare -x USAGE_TOOL_PATH="mindbender"
declare -x USER="netj"
declare -x VIRTUAL_ENV="/Users/netj/bin/python-virtualenv"
declare -x XPC_FLAGS="0x0"
declare -x XPC_SERVICE_NAME="0"
declare -x _="/opt/homebrew/bin/bash"
declare -x __CF_USER_TEXT_ENCODING="0x1F5:0x3:0x33"
declare -x auto_tmux_attach_at_login="true"
declare -x Apple_PubSub_Socket_Render="/private/tmp/com.apple.launchd.kqtbqpAYZB/Render"
declare -x DEEPDIVE_APP="/Users/netj/Projects/2014/mindbender/examples/dashboard/trends-demo"
declare -x DISPLAY="/private/tmp/com.apple.launchd.NPvwxgymze/org.macosforge.xquartz:0"
declare -x EC2_CERT="/Users/netj/Study/2013/Giraph-Socialite/ec2/cert-33D5BJVBFWUVIMWIF5ZHZSNMRCSIKUD3.pem"
declare -x EC2_HOME="/Users/netj/Study/2013/Giraph-Socialite/ec2-api-tools-1.5.3.1/"
declare -x EC2_PRIVATE_KEY="/Users/netj/Study/2013/Giraph-Socialite/ec2/pk-33D5BJVBFWUVIMWIF5ZHZSNMRCSIKUD3.pem"
declare -x EDITOR="/Users/netj/.vim/vim+addons"
declare -x GROOVY_HOME="/opt/homebrew/opt/groovy/libexec"
declare -x HOME="/Users/netj"
declare -x JAVA_HOME="/Library/Java/JavaVirtualMachines/jdk1.7.0_40.jdk/Contents/Home"
declare -x LANG="en_US.UTF-8"
declare -x LESS="-XFRiMW"
declare -x LOGNAME="netj"
declare -x LS_COLORS="rs=0:di=01;34:ln=01;36:mh=00:pi=40;33:so=01;35:do=01;35:bd=40;33;01:cd=40;33;01:or=40;31;01:su=37;41:sg=30;43:ca=30;41:tw=30;42:ow=34;42:st=37;44:ex=01;32:*.tar=01;31:*.tgz=01;31:*.arc=01;31:*.arj=01;31:*.taz=01;31:*.lha=01;31:*.lz4=01;31:*.lzh=01;31:*.lzma=01;31:*.tlz=01;31:*.txz=01;31:*.tzo=01;31:*.t7z=01;31:*.zip=01;31:*.z=01;31:*.Z=01;31:*.dz=01;31:*.gz=01;31:*.lrz=01;31:*.lz=01;31:*.lzo=01;31:*.xz=01;31:*.bz2=01;31:*.bz=01;31:*.tbz=01;31:*.tbz2=01;31:*.tz=01;31:*.deb=01;31:*.rpm=01;31:*.jar=01;31:*.war=01;31:*.ear=01;31:*.sar=01;31:*.rar=01;31:*.alz=01;31:*.ace=01;31:*.zoo=01;31:*.cpio=01;31:*.7z=01;31:*.rz=01;31:*.cab=01;31:*.jpg=01;35:*.jpeg=01;35:*.gif=01;35:*.bmp=01;35:*.pbm=01;35:*.pgm=01;35:*.ppm=01;35:*.tga=01;35:*.xbm=01;35:*.xpm=01;35:*.tif=01;35:*.tiff=01;35:*.png=01;35:*.svg=01;35:*.svgz=01;35:*.mng=01;35:*.pcx=01;35:*.mov=01;35:*.mpg=01;35:*.mpeg=01;35:*.m2v=01;35:*.mkv=01;35:*.webm=01;35:*.ogm=01;35:*.mp4=01;35:*.m4v=01;35:*.mp4v=01;35:*.vob=01;35:*.qt=01;35:*.nuv=01;35:*.wmv=01;35:*.asf=01;35:*.rm=01;35:*.rmvb=01;35:*.flc=01;35:*.avi=01;35:*.fli=01;35:*.flv=01;35:*.gl=01;35:*.dl=01;35:*.xcf=01;35:*.xwd=01;35:*.yuv=01;35:*.cgm=01;35:*.emf=01;35:*.axv=01;35:*.anx=01;35:*.ogv=01;35:*.ogx=01;35:*.aac=00;36:*.au=00;36:*.flac=00;36:*.mid=00;36:*.midi=00;36:*.mka=00;36:*.mp3=00;36:*.mpc=00;36:*.ogg=00;36:*.ra=00;36:*.wav=00;36:*.axa=00;36:*.oga=00;36:*.spx=00;36:*.xspf=00;36:"
declare -x MANPATH="/opt/homebrew/opt/coreutils/libexec/gnuman:/opt/homebrew/share/man:/usr/local/share/man:/usr/local/man:/usr/share/man:/opt/X11/share/man:/usr/local/MacGPG2/share/man"
declare -x MINDBENDER_COMMAND="mindbender"
declare -x MINDBENDER_HOME="/Users/netj/Projects/2014/mindbender/@prefix@"
declare -x MINDBENDER_LOGLVL="1"
declare -x MINDBENDER_ORIG_PATH="/Users/netj/bin/python-virtualenv/bin:/opt/homebrew/share/npm/bin:/Users/netj/bin:/opt/homebrew/opt/coreutils/libexec/gnubin:/opt/homebrew/bin:/opt/homebrew/sbin:/usr/local/bin:/usr/local/sbin:/usr/bin:/bin:/usr/sbin:/sbin:/opt/X11/bin:/usr/local/MacGPG2/bin:/Users/netj/bin/python-virtualenv/bin:/usr/texbin"
declare -x MOSH_TITLE_NOPREFIX="1"
declare -x NODE_PATH="/Users/netj/Projects/2014/mindbender/@prefix@/node_modules"
declare -x OLDPWD="/Users/netj/Projects/2014/mindbender/examples/dashboard/trends-demo/snapshot/20150714-5"
declare -x PAGER="less"
declare -x PATH="/Users/netj/Projects/2014/mindbender/@prefix@/bin/mindbender.d:/Users/netj/Projects/2014/mindbender/@prefix@/node_modules/.bin:/Users/netj/Projects/2014/mindbender/@prefix@/depends/runtime/.all/bin:/Users/netj/Projects/2014/mindbender/@prefix@/depends/bundled/.all/bin:/Users/netj/bin/python-virtualenv/bin:/opt/homebrew/share/npm/bin:/Users/netj/bin:/opt/homebrew/opt/coreutils/libexec/gnubin:/opt/homebrew/bin:/opt/homebrew/sbin:/usr/local/bin:/usr/local/sbin:/usr/bin:/bin:/usr/sbin:/sbin:/opt/X11/bin:/usr/local/MacGPG2/bin:/Users/netj/bin/python-virtualenv/bin:/usr/texbin"
declare -x PWD="/Users/netj/Projects/2014/mindbender/examples/dashboard/trends-demo/snapshot/20150714-5/reports/trends-demo"
declare -x SECURITYSESSIONID="186a6"
declare -x SHELL="/bin/bash"
declare -x SHLVL="2"
declare -x SSH_AUTH_SOCK="/private/tmp/com.apple.launchd.ykg9VWlRtJ/Listeners"
declare -x TERM="screen-256color"
declare -x TERM_SESSION_ID="C39690F0-A80E-41DF-BC47-7CDCD92F6235"
declare -x TMPDIR="/var/folders/y1/01h496ys2x794bdr1hvdm0tm0000gn/T/"
declare -x TMUX="/private/var/folders/y1/01h496ys2x794bdr1hvdm0tm0000gn/T/tmux-501/default,1822,0"
declare -x TMUX_PANE="%29"
declare -x TMUX_PWD="/Users/netj/Projects/2014/mindbender"
declare -x USAGE_TOOL_COMMAND="mindbender"
declare -x USAGE_TOOL_PATH="mindbender"
declare -x USER="netj"
declare -x VIRTUAL_ENV="/Users/netj/bin/python-virtualenv"
declare -x XPC_FLAGS="0x0"
declare -x XPC_SERVICE_NAME="0"
declare -x __CF_USER_TEXT_ENCODING="0x1F5:0x3:0x33"
declare -x auto_tmux_attach_at_login="true"
2015-07-14 10:57:26 shin.local	Produced snapshot/20150714-5/reports/trends-demo
2015-07-14 10:57:26 shin.local	Produced 1 reports under snapshot/20150714-5/
