2015-05-27 15:06:42 shin.local	Producing reports under snapshot/20150527-29/
2015-05-27 15:06:42 shin.local	 about DeepDive database postgresql://localhost:5432/deepdive_spouse_tsv...
2015-05-27 15:06:42 shin.local	Instantiated snapshot/20150527-29/reports/corpus (table=sentences)
2015-05-27 15:06:42 shin.local	Producing snapshot/20150527-29/reports/corpus/stats
2015-05-27 15:06:42 shin.local	Counting number of documents and sentences...
2015-05-27 15:06:43 shin.local	Produced snapshot/20150527-29/reports/corpus
2015-05-27 15:06:43 shin.local	Instantiated snapshot/20150527-29/reports/learning
2015-05-27 15:06:43 shin.local	Producing snapshot/20150527-29/reports/learning/histogram-weights-of-feature
2015-05-27 15:06:43 shin.local	Counting number of features and range of weights...
2015-05-27 15:06:43 shin.local	Found 5,398 features with non-zero weights
2015-05-27 15:06:43 shin.local	Using the specified 20 bins...
2015-05-27 15:06:43 shin.local	Creating histogram of weights (bin width=.40781600000000000000)
2015-05-27 15:06:44 shin.local	Producing snapshot/20150527-29/reports/learning/sample-features/top-negative-features
2015-05-27 15:06:44 shin.local	Producing snapshot/20150527-29/reports/learning/sample-features/top-positive-features
2015-05-27 15:06:45 shin.local	Produced snapshot/20150527-29/reports/learning
2015-05-27 15:06:45 shin.local	Instantiated snapshot/20150527-29/reports/variable (variable=has_spouse.is_true mention_id=relation_id words_column=description doc_id_column= features_layout=own_table features_table=has_spouse_features features_column=feature candidate_id_column=relation_id)
2015-05-27 15:06:45 shin.local	Producing snapshot/20150527-29/reports/variable
2015-05-27 15:06:46 shin.local	Producing snapshot/20150527-29/reports/variable/candidate
2015-05-27 15:06:46 shin.local	Counting number of candidates of variable has_spouse.is_true...
2015-05-27 15:06:46 shin.local	Counting distinct candidates of variable has_spouse.is_true...
2015-05-27 15:06:48 shin.local	Counting number of documents with candidates of variable has_spouse.is_true...
ERROR:  column "doc_id" does not exist
LINE 3:         SELECT COUNT(DISTINCT doc_id)
                                      ^
2015-05-27 15:06:48 shin.local	Producing snapshot/20150527-29/reports/variable/candidate/sample-frequent-candidates
2015-05-27 15:06:48 shin.local	Finding 100 most frequent candidates of variable has_spouse.is_true...
2015-05-27 15:06:51 shin.local	Producing snapshot/20150527-29/reports/variable/feature
2015-05-27 15:07:34 shin.local	Producing snapshot/20150527-29/reports/variable/feature/histogram-candidates-per-feature
2015-05-27 15:07:35 shin.local	Producing snapshot/20150527-29/reports/variable/feature/histogram-features-per-candidate
2015-05-27 15:08:14 shin.local	Producing snapshot/20150527-29/reports/variable/feature/sample-frequent-features
2015-05-27 15:08:15 shin.local	Producing snapshot/20150527-29/reports/variable/supervision
2015-05-27 15:08:16 shin.local	Producing snapshot/20150527-29/reports/variable/supervision/plot-supervision-by-feature
2015-05-27 15:08:18 shin.local	Producing snapshot/20150527-29/reports/variable/inference
2015-05-27 15:08:18 shin.local	Counting number of extractions of variable has_spouse.is_true...
2015-05-27 15:08:19 shin.local	Counting distinct extractions of variable has_spouse.is_true...
2015-05-27 15:08:20 shin.local	Counting number of documents with extractions of variable has_spouse.is_true...
ERROR:  column "doc_id" does not exist
LINE 3:         SELECT COUNT(DISTINCT doc_id)
                                      ^
2015-05-27 15:08:20 shin.local	Producing snapshot/20150527-29/reports/variable/inference/calibration-plot
2015-05-27 15:08:21 shin.local	Producing snapshot/20150527-29/reports/variable/inference/sample-frequent-extractions
2015-05-27 15:08:21 shin.local	Finding 100 most frequent extractions of variable has_spouse.is_true...
2015-05-27 15:08:22 shin.local	Produced snapshot/20150527-29/reports/variable
2015-05-27 15:08:22 shin.local	Produced 16 reports under snapshot/20150527-29/
