2015-05-23 03:18:18 shin.local	Producing reports under snapshot/20150523-1/
2015-05-23 03:18:18 shin.local	 about DeepDive database postgresql://localhost:5432/deepdive_spouse...
2015-05-23 03:18:18 shin.local	Instantiated snapshot/20150523-1/reports/corpus (table=sentences)
2015-05-23 03:18:18 shin.local	Producing snapshot/20150523-1/reports/corpus/stats
2015-05-23 03:18:18 shin.local	Counting number of documents and sentences...
2015-05-23 03:18:19 shin.local	Produced snapshot/20150523-1/reports/corpus
2015-05-23 03:18:19 shin.local	Instantiated snapshot/20150523-1/reports/learning
2015-05-23 03:18:19 shin.local	Producing snapshot/20150523-1/reports/learning/histogram-weights-of-feature
2015-05-23 03:18:19 shin.local	Counting number of features and range of weights...
2015-05-23 03:18:19 shin.local	Found 2,199 features with non-zero weights
2015-05-23 03:18:19 shin.local	Using the specified 20 bins...
2015-05-23 03:18:19 shin.local	Creating histogram of weights (bin width=.33333556900815150000)
2015-05-23 03:18:20 shin.local	Producing snapshot/20150523-1/reports/learning/sample-features/top-negative-features
2015-05-23 03:18:20 shin.local	Producing snapshot/20150523-1/reports/learning/sample-features/top-positive-features
2015-05-23 03:18:21 shin.local	Produced snapshot/20150523-1/reports/learning
2015-05-23 03:18:21 shin.local	Instantiated snapshot/20150523-1/reports/variable (variable=has_spouse.is_true mention_id=relation_id words_column=description doc_id_column= features_layout=own_table features_table=has_spouse_features features_column=feature candidate_id_column=relation_id)
2015-05-23 03:18:21 shin.local	Producing snapshot/20150523-1/reports/variable
2015-05-23 03:18:22 shin.local	Producing snapshot/20150523-1/reports/variable/candidate
2015-05-23 03:18:22 shin.local	Counting number of candidates of variable has_spouse.is_true...
2015-05-23 03:18:22 shin.local	Counting distinct candidates of variable has_spouse.is_true...
2015-05-23 03:18:24 shin.local	Counting number of documents with candidates of variable has_spouse.is_true...
ERROR:  column "doc_id" does not exist
LINE 3:         SELECT COUNT(DISTINCT doc_id)
                                      ^
2015-05-23 03:18:25 shin.local	Producing snapshot/20150523-1/reports/variable/candidate/sample-frequent-candidates
2015-05-23 03:18:25 shin.local	Finding 100 most frequent candidates of variable has_spouse.is_true...
2015-05-23 03:18:27 shin.local	Producing snapshot/20150523-1/reports/variable/feature
2015-05-23 03:18:35 shin.local	Producing snapshot/20150523-1/reports/variable/feature/histogram-candidates-per-feature
2015-05-23 03:18:42 shin.local	Producing snapshot/20150523-1/reports/variable/feature/histogram-features-per-candidate
2015-05-23 03:18:42 shin.local	Producing snapshot/20150523-1/reports/variable/feature/sample-frequent-features
2015-05-23 03:18:50 shin.local	Producing snapshot/20150523-1/reports/variable/supervision
2015-05-23 03:18:51 shin.local	Producing snapshot/20150523-1/reports/variable/inference
2015-05-23 03:18:51 shin.local	Counting number of extractions of variable has_spouse.is_true...
2015-05-23 03:18:51 shin.local	Counting distinct extractions of variable has_spouse.is_true...
2015-05-23 03:18:51 shin.local	Counting number of documents with extractions of variable has_spouse.is_true...
ERROR:  column "doc_id" does not exist
LINE 3:         SELECT COUNT(DISTINCT doc_id)
                                      ^
2015-05-23 03:18:51 shin.local	Producing snapshot/20150523-1/reports/variable/inference/calibration-plot
2015-05-23 03:18:52 shin.local	Producing snapshot/20150523-1/reports/variable/inference/sample-frequent-extractions
2015-05-23 03:18:52 shin.local	Finding 100 most frequent extractions of variable has_spouse.is_true...
2015-05-23 03:18:53 shin.local	Produced snapshot/20150523-1/reports/variable
2015-05-23 03:18:53 shin.local	Produced 15 reports under snapshot/20150523-1/
