# 2015-02-16T16:00:14 Producing reports under snapshot/20150216-13/
# 2015-02-16T16:00:14 Instantiated snapshot/20150216-13/reports/variable (variable=gene_mentions.is_correct)
# 2015-02-16T16:00:14 Producing snapshot/20150216-13/reports/variable
# 2015-02-16T16:00:14 Producing snapshot/20150216-13/reports/variable/quality
# 2015-02-16T16:00:15 Producing snapshot/20150216-13/reports/variable/inference
# 2015-02-16T16:00:15 Counting number of extractions of variable gene_mentions.is_correct...
# 2015-02-16T16:00:25 Counting distinct extractions of variable gene_mentions.is_correct...
# 2015-02-16T16:00:35 Finding 10 most frequent extractions of variable gene_mentions.is_correct...
# 2015-02-16T16:00:46 Counting number of documents with extractions of variable gene_mentions.is_correct...
# 2015-02-16T16:00:57 Producing snapshot/20150216-13/reports/variable/supervision
# 2015-02-16T16:01:04 Producing snapshot/20150216-13/reports/variable/feature
# 2015-02-16T16:01:04 Producing snapshot/20150216-13/reports/variable/candidate
# 2015-02-16T16:01:04 Counting number of candidates of variable gene_mentions.is_correct...
# 2015-02-16T16:01:15 Counting distinct candidates of variable gene_mentions.is_correct...
# 2015-02-16T16:01:32 Finding 10 most frequent candidates of variable gene_mentions.is_correct...
# 2015-02-16T16:01:50 Counting number of documents with candidates of variable gene_mentions.is_correct...
# 2015-02-16T16:02:11 Produced snapshot/20150216-13/reports/variable
# 2015-02-16T16:02:11 Instantiated snapshot/20150216-13/reports/variable-2 (variable=hpoterm_mentions.is_correct)
# 2015-02-16T16:02:11 Producing snapshot/20150216-13/reports/variable-2
# 2015-02-16T16:02:11 Producing snapshot/20150216-13/reports/variable-2/quality
# 2015-02-16T16:02:12 Producing snapshot/20150216-13/reports/variable-2/inference
# 2015-02-16T16:02:12 Counting number of extractions of variable hpoterm_mentions.is_correct...
# 2015-02-16T16:02:15 Counting distinct extractions of variable hpoterm_mentions.is_correct...
# 2015-02-16T16:02:18 Finding 10 most frequent extractions of variable hpoterm_mentions.is_correct...
# 2015-02-16T16:02:21 Counting number of documents with extractions of variable hpoterm_mentions.is_correct...
# 2015-02-16T16:02:26 Producing snapshot/20150216-13/reports/variable-2/supervision
# 2015-02-16T16:02:28 Producing snapshot/20150216-13/reports/variable-2/feature
# 2015-02-16T16:02:29 Producing snapshot/20150216-13/reports/variable-2/candidate
# 2015-02-16T16:02:29 Counting number of candidates of variable hpoterm_mentions.is_correct...
# 2015-02-16T16:02:32 Counting distinct candidates of variable hpoterm_mentions.is_correct...
# 2015-02-16T16:02:36 Finding 10 most frequent candidates of variable hpoterm_mentions.is_correct...
# 2015-02-16T16:02:39 Counting number of documents with candidates of variable hpoterm_mentions.is_correct...
# 2015-02-16T16:02:42 Produced snapshot/20150216-13/reports/variable-2
# 2015-02-16T16:02:42 Produced 12 reports under snapshot/20150216-13/
