2015-05-16 05:58:49 raiders2	Producing reports under snapshot/20150516-2/
2015-05-16 05:58:49 raiders2	 about DeepDive database postgresql://localhost:6432/genomics_netj...
2015-05-16 05:58:49 raiders2	Instantiated snapshot/20150516-2/reports/learning (num_top_weighted_features=50)
2015-05-16 05:58:49 raiders2	Producing snapshot/20150516-2/reports/learning/histogram-weights-of-feature
2015-05-16 05:58:49 raiders2	Counting number of features and range of weights...
2015-05-16 05:58:49 raiders2	Found 1,323 features with non-zero weights
2015-05-16 05:58:49 raiders2	Using the specified 20 bins...
2015-05-16 05:58:49 raiders2	Creating histogram of weights (bin width=.07944061000000000000)
2015-05-16 05:58:50 raiders2	Producing snapshot/20150516-2/reports/learning/sample-features/top-negative-features
2015-05-16 05:58:51 raiders2	Producing snapshot/20150516-2/reports/learning/sample-features/top-positive-features
2015-05-16 05:58:52 raiders2	Produced snapshot/20150516-2/reports/learning
2015-05-16 05:58:52 raiders2	Instantiated snapshot/20150516-2/reports/variable (variable=pheno_mentions.is_correct features_layout=own_table features_table=pheno_features features_column=feature)
2015-05-16 05:58:52 raiders2	Producing snapshot/20150516-2/reports/variable/candidate
2015-05-16 05:58:53 raiders2	Counting number of candidates of variable pheno_mentions.is_correct...
2015-05-16 05:58:53 raiders2	Counting distinct candidates of variable pheno_mentions.is_correct...
2015-05-16 05:58:53 raiders2	Counting number of documents with candidates of variable pheno_mentions.is_correct...
2015-05-16 05:58:54 raiders2	Producing snapshot/20150516-2/reports/variable/candidate/sample-frequent-candidates
2015-05-16 05:58:54 raiders2	Finding 10 most frequent candidates of variable pheno_mentions.is_correct...
2015-05-16 05:58:55 raiders2	Producing snapshot/20150516-2/reports/variable/feature/histogram-candidates-per-feature
2015-05-16 05:58:56 raiders2	Producing snapshot/20150516-2/reports/variable/feature/histogram-features-per-candidate
2015-05-16 05:58:58 raiders2	Producing snapshot/20150516-2/reports/variable/feature
2015-05-16 05:58:59 raiders2	Producing snapshot/20150516-2/reports/variable/feature/sample-frequent-features
2015-05-16 05:59:00 raiders2	Producing snapshot/20150516-2/reports/variable/inference/calibration-plot
2015-05-16 05:59:02 raiders2	Producing snapshot/20150516-2/reports/variable/inference/histogram-weights-of-feature
2015-05-16 05:59:02 raiders2	Counting number of features and range of weights...
2015-05-16 05:59:02 raiders2	Found 1,323 features with non-zero weights
2015-05-16 05:59:02 raiders2	Using the specified 20 bins...
2015-05-16 05:59:02 raiders2	Creating histogram of weights (bin width=.07944061000000000000)
2015-05-16 05:59:04 raiders2	Producing snapshot/20150516-2/reports/variable/inference/quality
2015-05-16 05:59:04 raiders2	Producing snapshot/20150516-2/reports/variable/inference
2015-05-16 05:59:04 raiders2	Counting number of extractions of variable pheno_mentions.is_correct...
2015-05-16 05:59:05 raiders2	Counting distinct extractions of variable pheno_mentions.is_correct...
2015-05-16 05:59:05 raiders2	Counting number of documents with extractions of variable pheno_mentions.is_correct...
2015-05-16 05:59:06 raiders2	Producing snapshot/20150516-2/reports/variable/inference/sample-frequent-extractions
2015-05-16 05:59:06 raiders2	Finding 100 most frequent extractions of variable pheno_mentions.is_correct...
2015-05-16 05:59:07 raiders2	Producing snapshot/20150516-2/reports/variable/inference/sample-weighted-features
2015-05-16 05:59:09 raiders2	Producing snapshot/20150516-2/reports/variable/quality
2015-05-16 05:59:09 raiders2	Producing snapshot/20150516-2/reports/variable
2015-05-16 05:59:09 raiders2	Producing snapshot/20150516-2/reports/variable/supervision
2015-05-16 05:59:11 raiders2	Produced snapshot/20150516-2/reports/variable
2015-05-16 05:59:11 raiders2	Instantiated snapshot/20150516-2/reports/variable-2 (variable=gene_mentions.is_correct features_layout=own_table features_table=gene_features features_column=feature)
2015-05-16 05:59:11 raiders2	Producing snapshot/20150516-2/reports/variable-2/candidate
2015-05-16 05:59:11 raiders2	Counting number of candidates of variable gene_mentions.is_correct...
2015-05-16 05:59:11 raiders2	Counting distinct candidates of variable gene_mentions.is_correct...
2015-05-16 05:59:12 raiders2	Counting number of documents with candidates of variable gene_mentions.is_correct...
2015-05-16 05:59:12 raiders2	Producing snapshot/20150516-2/reports/variable-2/candidate/sample-frequent-candidates
2015-05-16 05:59:13 raiders2	Finding 10 most frequent candidates of variable gene_mentions.is_correct...
2015-05-16 05:59:13 raiders2	Producing snapshot/20150516-2/reports/variable-2/feature/histogram-candidates-per-feature
2015-05-16 05:59:15 raiders2	Producing snapshot/20150516-2/reports/variable-2/feature/histogram-features-per-candidate
2015-05-16 05:59:16 raiders2	Producing snapshot/20150516-2/reports/variable-2/feature
2015-05-16 05:59:17 raiders2	Producing snapshot/20150516-2/reports/variable-2/feature/sample-frequent-features
2015-05-16 05:59:18 raiders2	Producing snapshot/20150516-2/reports/variable-2/inference/calibration-plot
2015-05-16 05:59:20 raiders2	Producing snapshot/20150516-2/reports/variable-2/inference/histogram-weights-of-feature
2015-05-16 05:59:20 raiders2	Counting number of features and range of weights...
2015-05-16 05:59:21 raiders2	Found 1,323 features with non-zero weights
2015-05-16 05:59:21 raiders2	Using the specified 20 bins...
2015-05-16 05:59:21 raiders2	Creating histogram of weights (bin width=.07944061000000000000)
2015-05-16 05:59:22 raiders2	Producing snapshot/20150516-2/reports/variable-2/inference/quality
2015-05-16 05:59:22 raiders2	Producing snapshot/20150516-2/reports/variable-2/inference
2015-05-16 05:59:23 raiders2	Counting number of extractions of variable gene_mentions.is_correct...
2015-05-16 05:59:23 raiders2	Counting distinct extractions of variable gene_mentions.is_correct...
2015-05-16 05:59:24 raiders2	Counting number of documents with extractions of variable gene_mentions.is_correct...
2015-05-16 05:59:25 raiders2	Producing snapshot/20150516-2/reports/variable-2/inference/sample-frequent-extractions
2015-05-16 05:59:25 raiders2	Finding 100 most frequent extractions of variable gene_mentions.is_correct...
2015-05-16 05:59:26 raiders2	Producing snapshot/20150516-2/reports/variable-2/inference/sample-weighted-features
2015-05-16 05:59:27 raiders2	Producing snapshot/20150516-2/reports/variable-2/quality
2015-05-16 05:59:28 raiders2	Producing snapshot/20150516-2/reports/variable-2
2015-05-16 05:59:28 raiders2	Producing snapshot/20150516-2/reports/variable-2/supervision
2015-05-16 05:59:29 raiders2	Produced snapshot/20150516-2/reports/variable-2
2015-05-16 05:59:29 raiders2	Instantiated snapshot/20150516-2/reports/corpus/stats (table=sentences_input)
2015-05-16 05:59:29 raiders2	Producing snapshot/20150516-2/reports/corpus/stats
2015-05-16 05:59:29 raiders2	Counting number of documents and sentences...
2015-05-16 05:59:30 raiders2	Produced snapshot/20150516-2/reports/corpus/stats
2015-05-16 05:59:30 raiders2	Produced 34 reports under snapshot/20150516-2/
